<?xml version="1.0" encoding="UTF-8"?>
<!-- Generated by org.testng.reporters.JUnitXMLReporter -->
<testsuite ignored="0" hostname="DESKTOP-7782260" failures="0" tests="3" name="Default test" time="20.452" errors="0" timestamp="2024-05-13T13:04:10 IST">
  <testcase classname="testngassignment.DataproviderDemoguru" name="EnterCredentials" time="7.309"/>
  <testcase classname="testngassignment.DataproviderDemoguru" name="EnterCredentials" time="6.451"/>
  <testcase classname="testngassignment.DataproviderDemoguru" name="EnterCredentials" time="6.578"/>
</testsuite> <!-- Default test -->
